[velas-artesanales-emprendedoras9.webnode.es/indexa402.html]
[backblue.gif]
[fade.gif]
[index.html]
[d1di2lzuh97fh2.cloudfront.net/files/1j/1jw/1jwyl15b27.css]
[d1di2lzuh97fh2.cloudfront.net/files/2a/2au/2auacf5b27.css]
[d1di2lzuh97fh2.cloudfront.net/files/13/13c/13clcn5b27.css]
[d1di2lzuh97fh2.cloudfront.net/files/16/16v/16veq35b27.css]
[d1di2lzuh97fh2.cloudfront.net/files/40/40f/40f6t45b27.css]
[d1di2lzuh97fh2.cloudfront.net/files/19/19m/19mvcd5b27.css]
[d1di2lzuh97fh2.cloudfront.net/files/44/447/447xij5b27.css]
[d1di2lzuh97fh2.cloudfront.net/files/1i/1ib/1ibizu5b27.css]
[d1di2lzuh97fh2.cloudfront.net/client/js.polyfill/container-query-polyfill.modern.js]
[d1di2lzuh97fh2.cloudfront.net/files/0d/0ds/0dscwu5b27.css]
[d1di2lzuh97fh2.cloudfront.net/files/1m/1mh/1mhb7k5b27.png]
[bba00f7d29.cbaul-cdnwnd.com/0981c9d3830214b977c14fd34a211ef6/200000000-5ee195ee1c/vecteezy_abstract-pink-background_19055635b27.jpg]
[velas-artesanales-emprendedoras9.webnode.es/index.html]
[bba00f7d29.cbaul-cdnwnd.com/0981c9d3830214b977c14fd34a211ef6/200000004-efa9befa9f/opera_YzobHpWzUu5b27.png]
[bba00f7d29.cbaul-cdnwnd.com/0981c9d3830214b977c14fd34a211ef6/200000029-6fc416fc45/COMPRAR_AHORA5b27.png]
[bba00f7d29.cbaul-cdnwnd.com/0981c9d3830214b977c14fd34a211ef6/200000006-9f45e9f460/opera_qdYNHJNdkw5b27.png]
[bba00f7d29.cbaul-cdnwnd.com/0981c9d3830214b977c14fd34a211ef6/200000008-4b2914b293/Discord_f6ENSsJEhb5b27.png]
[bba00f7d29.cbaul-cdnwnd.com/0981c9d3830214b977c14fd34a211ef6/200000020-460b2460b5/image-85b27.png]
[bba00f7d29.cbaul-cdnwnd.com/0981c9d3830214b977c14fd34a211ef6/200000018-9bddf9bde1/image-25b27.png]
[bba00f7d29.cbaul-cdnwnd.com/0981c9d3830214b977c14fd34a211ef6/200000016-3a9fd3aa01/image5b27.png]
[d1di2lzuh97fh2.cloudfront.net/files/2p/2pc/2pcq1u5b27.js]
[d1di2lzuh97fh2.cloudfront.net/client.fe/js.compiled/lang.es.12445b27.js]
[velas-artesanales-emprendedoras9.webnode.es/indexa402.html]
[d1di2lzuh97fh2.cloudfront.net/files/1j/1jw/1jwyl15b27.css]
[d1di2lzuh97fh2.cloudfront.net/files/2a/2au/2auacf5b27.css]
[d1di2lzuh97fh2.cloudfront.net/client.fe/js.compiled/compiled.multi.2-15975b27.js]
[d1di2lzuh97fh2.cloudfront.net/files/3p/3pq/3pq60x.png]
[d1di2lzuh97fh2.cloudfront.net/files/13/13c/13clcn5b27.css]
[d1di2lzuh97fh2.cloudfront.net/files/16/16v/16veq35b27.css]
[d1di2lzuh97fh2.cloudfront.net/files/40/40f/40f6t45b27.css]
[d1di2lzuh97fh2.cloudfront.net/files/19/19m/19mvcd5b27.css]
[d1di2lzuh97fh2.cloudfront.net/files/2r/2rd/2rdzz25b27.css]
[d1di2lzuh97fh2.cloudfront.net/files/44/447/447xij5b27.css]
[d1di2lzuh97fh2.cloudfront.net/files/1i/1ib/1ibizu5b27.css]
[d1di2lzuh97fh2.cloudfront.net/files/0d/0ds/0dscwu5b27.css]
[velas-artesanales-emprendedoras9.webnode.es/index.html]
